[16528:2192:0828/145521.514:ERROR:base\metrics\persistent_memory_allocator.cc:892] Corruption detected in shared-memory segment.
[16528:2192:0828/145521.617:INFO:components\enterprise\browser\controller\chrome_browser_cloud_management_controller.cc:202] No machine level policy manager exists.
[16528:11084:0828/145521.871:WARNING:components\leveldb_proto\internal\leveldb_database.cc:125] Unable to open C:\Users\dfrom\OneDrive\Desktop\mi-proyecto\User Data\Default\shared_proto_db\metadata: IO error: C:\Users\dfrom\OneDrive\Desktop\mi-proyecto\User Data\Default\shared_proto_db\metadata/MANIFEST-000001: Unable to create sequential file (ChromeMethodBFE: 7::NewSequentialFile::1)
[16528:11084:0828/145521.875:WARNING:components\leveldb_proto\internal\leveldb_database.cc:125] Unable to open C:\Users\dfrom\OneDrive\Desktop\mi-proyecto\User Data\Default\shared_proto_db\metadata: IO error: C:\Users\dfrom\OneDrive\Desktop\mi-proyecto\User Data\Default\shared_proto_db\metadata/MANIFEST-000001: Unable to create sequential file (ChromeMethodBFE: 7::NewSequentialFile::1)
[16528:11084:0828/145521.877:WARNING:components\leveldb_proto\internal\leveldb_database.cc:125] Unable to open C:\Users\dfrom\OneDrive\Desktop\mi-proyecto\User Data\Default\shared_proto_db\metadata: IO error: C:\Users\dfrom\OneDrive\Desktop\mi-proyecto\User Data\Default\shared_proto_db\metadata/MANIFEST-000001: Unable to create sequential file (ChromeMethodBFE: 7::NewSequentialFile::1)
[16528:11084:0828/145521.878:WARNING:components\leveldb_proto\internal\leveldb_database.cc:125] Unable to open C:\Users\dfrom\OneDrive\Desktop\mi-proyecto\User Data\Default\shared_proto_db\metadata: IO error: C:\Users\dfrom\OneDrive\Desktop\mi-proyecto\User Data\Default\shared_proto_db\metadata/MANIFEST-000001: Unable to create sequential file (ChromeMethodBFE: 7::NewSequentialFile::1)
[16528:14896:0828/145521.879:WARNING:components\value_store\value_store_frontend.cc:47] Reading ahfgeienlihckogmohjhadlkjgocpleb.alarms from  failed: IO error: .../MANIFEST-000001: Unable to create sequential file (ChromeMethodBFE: 7::NewSequentialFile::1)
[16528:14896:0828/145521.888:WARNING:components\value_store\value_store_frontend.cc:47] Reading mhjfbmdgcfjbbpaeojofohoefgiehjai.alarms from  failed: IO error: .../MANIFEST-000001: Unable to create sequential file (ChromeMethodBFE: 7::NewSequentialFile::1)
[16528:5688:0828/145527.565:ERROR:google_apis\gcm\engine\registration_request.cc:291] Registration response error message: DEPRECATED_ENDPOINT
[16528:5688:0828/145555.045:ERROR:google_apis\gcm\engine\registration_request.cc:291] Registration response error message: DEPRECATED_ENDPOINT
[16528:5688:0828/145650.802:ERROR:google_apis\gcm\engine\registration_request.cc:291] Registration response error message: DEPRECATED_ENDPOINT
[16528:5688:0828/145812.924:ERROR:google_apis\gcm\engine\registration_request.cc:291] Registration response error message: DEPRECATED_ENDPOINT
[16528:5688:0828/150108.062:ERROR:google_apis\gcm\engine\registration_request.cc:291] Registration response error message: DEPRECATED_ENDPOINT
[16528:5688:0828/150521.140:ERROR:google_apis\gcm\engine\connection_factory_impl.cc:483] ConnectionHandler failed with net error: -2
[16528:5688:0828/153337.795:ERROR:google_apis\gcm\engine\registration_request.cc:274] Registration URL fetching failed.
[16528:5688:0828/153337.833:ERROR:google_apis\gcm\engine\connection_factory_impl.cc:434] Failed to connect to MCS endpoint with error -7
[16528:2192:0828/153447.934:WARNING:chrome\browser\performance_manager\policies\page_discarding_helper.cc:137] Discarding multiple pages with target (kb): 0, discard_protected_tabs: 0
[16528:2192:0828/153452.912:WARNING:chrome\browser\performance_manager\policies\page_discarding_helper.cc:137] Discarding multiple pages with target (kb): 0, discard_protected_tabs: 0
[16528:2192:0828/153512.958:WARNING:chrome\browser\performance_manager\policies\page_discarding_helper.cc:137] Discarding multiple pages with target (kb): 0, discard_protected_tabs: 0
[16528:2192:0828/153517.968:WARNING:chrome\browser\performance_manager\policies\page_discarding_helper.cc:137] Discarding multiple pages with target (kb): 0, discard_protected_tabs: 0
[16528:2192:0828/153532.985:WARNING:chrome\browser\performance_manager\policies\page_discarding_helper.cc:137] Discarding multiple pages with target (kb): 0, discard_protected_tabs: 0
[16528:2192:0828/155730.243:WARNING:chrome\browser\performance_manager\policies\page_discarding_helper.cc:137] Discarding multiple pages with target (kb): 0, discard_protected_tabs: 0
